# JRE version: OpenJDK Runtime Environment AdoptOpenJDK-11.0.11+9 (11.0.11+9) (build 11.0.11+9)
# Java VM: OpenJDK 64-Bit Server VM AdoptOpenJDK-11.0.11+9 (11.0.11+9, mixed mode, tiered, compressed oops, parallel gc, bsd-amd64)
Heap:
 PSYoungGen      total 8192K, used 8184K [0x00000007eab00000, 0x00000007eb800000, 0x0000000800000000)
  eden space 6144K, 100% used [0x00000007eab00000,0x00000007eb100000,0x00000007eb100000)
  from space 2048K, 99% used [0x00000007eb400000,0x00000007eb5fe018,0x00000007eb600000)
  to   space 3072K, 99% used [0x00000007eb100000,0x00000007eb3fe018,0x00000007eb400000)
 ParOldGen       total 699392K, used 137606K [0x00000007c0000000, 0x00000007eab00000, 0x00000007eab00000)
  object space 699392K, 19% used [0x00000007c0000000,0x00000007c86619c8,0x00000007eab00000)
 Metaspace       used 82398K, capacity 85973K, committed 86388K, reserved 1126400K
  class space    used 7689K, capacity 8905K, committed 8960K, reserved 1048576K
GC Heap History (20 events):
Event: 7860.468 GC heap after
{Heap after GC invocations=1947 (full 76):
 PSYoungGen      total 9216K, used 608K [0x00000007eab00000, 0x00000007eb600000, 0x0000000800000000)
  eden space 7168K, 0% used [0x00000007eab00000,0x00000007eab00000,0x00000007eb200000)
  from space 2048K, 29% used [0x00000007eb280000,0x00000007eb318000,0x00000007eb480000)
  to   space 1024K, 0% used [0x00000007eb500000,0x00000007eb500000,0x00000007eb600000)
 ParOldGen       total 138240K, used 131595K [0x00000007c0000000, 0x00000007c8700000, 0x00000007eab00000)
  object space 138240K, 95% used [0x00000007c0000000,0x00000007c8082ef0,0x00000007c8700000)
 Metaspace       used 82329K, capacity 85817K, committed 86132K, reserved 1126400K
  class space    used 7684K, capacity 8900K, committed 8960K, reserved 1048576K
}
Event: 7867.545 GC heap before
{Heap before GC invocations=1948 (full 76):
 PSYoungGen      total 9216K, used 7776K [0x00000007eab00000, 0x00000007eb600000, 0x0000000800000000)
  eden space 7168K, 100% used [0x00000007eab00000,0x00000007eb200000,0x00000007eb200000)
  from space 2048K, 29% used [0x00000007eb280000,0x00000007eb318000,0x00000007eb480000)
  to   space 1024K, 0% used [0x00000007eb500000,0x00000007eb500000,0x00000007eb600000)
 ParOldGen       total 138240K, used 131595K [0x00000007c0000000, 0x00000007c8700000, 0x00000007eab00000)
  object space 138240K, 95% used [0x00000007c0000000,0x00000007c8082ef0,0x00000007c8700000)
 Metaspace       used 82337K, capacity 85817K, committed 86132K, reserved 1126400K
  class space    used 7685K, capacity 8900K, committed 8960K, reserved 1048576K
}
Event: 7867.550 GC heap after
{Heap after GC invocations=1948 (full 76):
 PSYoungGen      total 8192K, used 672K [0x00000007eab00000, 0x00000007eb600000, 0x0000000800000000)
  eden space 7168K, 0% used [0x00000007eab00000,0x00000007eab00000,0x00000007eb200000)
  from space 1024K, 65% used [0x00000007eb500000,0x00000007eb5a8000,0x00000007eb600000)
  to   space 1024K, 0% used [0x00000007eb400000,0x00000007eb400000,0x00000007eb500000)
 ParOldGen       total 138240K, used 131595K [0x00000007c0000000, 0x00000007c8700000, 0x00000007eab00000)
  object space 138240K, 95% used [0x00000007c0000000,0x00000007c8082ef0,0x00000007c8700000)
 Metaspace       used 82337K, capacity 85817K, committed 86132K, reserved 1126400K
  class space    used 7685K, capacity 8900K, committed 8960K, reserved 1048576K
}
Event: 7868.803 GC heap before
{Heap before GC invocations=1949 (full 76):
 PSYoungGen      total 8192K, used 7839K [0x00000007eab00000, 0x00000007eb600000, 0x0000000800000000)
  eden space 7168K, 99% used [0x00000007eab00000,0x00000007eb1ffff8,0x00000007eb200000)
  from space 1024K, 65% used [0x00000007eb500000,0x00000007eb5a8000,0x00000007eb600000)
  to   space 1024K, 0% used [0x00000007eb400000,0x00000007eb400000,0x00000007eb500000)
 ParOldGen       total 138240K, used 131595K [0x00000007c0000000, 0x00000007c8700000, 0x00000007eab00000)
  object space 138240K, 95% used [0x00000007c0000000,0x00000007c8082ef0,0x00000007c8700000)
 Metaspace       used 82337K, capacity 85817K, committed 86132K, reserved 1126400K
  class space    used 7685K, capacity 8900K, committed 8960K, reserved 1048576K
}
Event: 7868.807 GC heap after
{Heap after GC invocations=1949 (full 76):
 PSYoungGen      total 8192K, used 1008K [0x00000007eab00000, 0x00000007eb600000, 0x0000000800000000)
  eden space 7168K, 0% used [0x00000007eab00000,0x00000007eab00000,0x00000007eb200000)
  from space 1024K, 98% used [0x00000007eb400000,0x00000007eb4fc010,0x00000007eb500000)
  to   space 1024K, 0% used [0x00000007eb500000,0x00000007eb500000,0x00000007eb600000)
 ParOldGen       total 138240K, used 132031K [0x00000007c0000000, 0x00000007c8700000, 0x00000007eab00000)
  object space 138240K, 95% used [0x00000007c0000000,0x00000007c80efdf0,0x00000007c8700000)
 Metaspace       used 82337K, capacity 85817K, committed 86132K, reserved 1126400K
  class space    used 7685K, capacity 8900K, committed 8960K, reserved 1048576K
}
Event: 7868.846 GC heap before
{Heap before GC invocations=1950 (full 76):
 PSYoungGen      total 8192K, used 8176K [0x00000007eab00000, 0x00000007eb600000, 0x0000000800000000)
  eden space 7168K, 100% used [0x00000007eab00000,0x00000007eb200000,0x00000007eb200000)
  from space 1024K, 98% used [0x00000007eb400000,0x00000007eb4fc010,0x00000007eb500000)
  to   space 1024K, 0% used [0x00000007eb500000,0x00000007eb500000,0x00000007eb600000)
 ParOldGen       total 138240K, used 132031K [0x00000007c0000000, 0x00000007c8700000, 0x00000007eab00000)
  object space 138240K, 95% used [0x00000007c0000000,0x00000007c80efdf0,0x00000007c8700000)
 Metaspace       used 82337K, capacity 85817K, committed 86132K, reserved 1126400K
  class space    used 7685K, capacity 8900K, committed 8960K, reserved 1048576K
}
Event: 7868.853 GC heap after
{Heap after GC invocations=1950 (full 76):
 PSYoungGen      total 8192K, used 976K [0x00000007eab00000, 0x00000007eb600000, 0x0000000800000000)
  eden space 7168K, 0% used [0x00000007eab00000,0x00000007eab00000,0x00000007eb200000)
  from space 1024K, 95% used [0x00000007eb500000,0x00000007eb5f4010,0x00000007eb600000)
  to   space 1536K, 0% used [0x00000007eb300000,0x00000007eb300000,0x00000007eb480000)
 ParOldGen       total 138240K, used 132548K [0x00000007c0000000, 0x00000007c8700000, 0x00000007eab00000)
  object space 138240K, 95% used [0x00000007c0000000,0x00000007c8171290,0x00000007c8700000)
 Metaspace       used 82337K, capacity 85817K, committed 86132K, reserved 1126400K
  class space    used 7685K, capacity 8900K, committed 8960K, reserved 1048576K
}
Event: 7869.909 GC heap before
{Heap before GC invocations=1951 (full 76):
 PSYoungGen      total 8192K, used 8144K [0x00000007eab00000, 0x00000007eb600000, 0x0000000800000000)
  eden space 7168K, 100% used [0x00000007eab00000,0x00000007eb200000,0x00000007eb200000)
  from space 1024K, 95% used [0x00000007eb500000,0x00000007eb5f4010,0x00000007eb600000)
  to   space 1536K, 0% used [0x00000007eb300000,0x00000007eb300000,0x00000007eb480000)
 ParOldGen       total 138240K, used 132548K [0x00000007c0000000, 0x00000007c8700000, 0x00000007eab00000)
  object space 138240K, 95% used [0x00000007c0000000,0x00000007c8171290,0x00000007c8700000)
 Metaspace       used 82337K, capacity 85817K, committed 86132K, reserved 1126400K
  class space    used 7685K, capacity 8900K, committed 8960K, reserved 1048576K
}
Event: 7869.918 GC heap after
{Heap after GC invocations=1951 (full 76):
 PSYoungGen      total 8704K, used 1536K [0x00000007eab00000, 0x00000007eb700000, 0x0000000800000000)
  eden space 7168K, 0% used [0x00000007eab00000,0x00000007eab00000,0x00000007eb200000)
  from space 1536K, 100% used [0x00000007eb300000,0x00000007eb480000,0x00000007eb480000)
  to   space 2560K, 0% used [0x00000007eb480000,0x00000007eb480000,0x00000007eb700000)
 ParOldGen       total 138240K, used 133209K [0x00000007c0000000, 0x00000007c8700000, 0x00000007eab00000)
  object space 138240K, 96% used [0x00000007c0000000,0x00000007c8216750,0x00000007c8700000)
 Metaspace       used 82337K, capacity 85817K, committed 86132K, reserved 1126400K
  class space    used 7685K, capacity 8900K, committed 8960K, reserved 1048576K
}
Event: 7870.006 GC heap before
{Heap before GC invocations=1952 (full 76):
 PSYoungGen      total 8704K, used 8703K [0x00000007eab00000, 0x00000007eb700000, 0x0000000800000000)
  eden space 7168K, 99% used [0x00000007eab00000,0x00000007eb1fffa0,0x00000007eb200000)
  from space 1536K, 100% used [0x00000007eb300000,0x00000007eb480000,0x00000007eb480000)
  to   space 2560K, 0% used [0x00000007eb480000,0x00000007eb480000,0x00000007eb700000)
 ParOldGen       total 138240K, used 133209K [0x00000007c0000000, 0x00000007c8700000, 0x00000007eab00000)
  object space 138240K, 96% used [0x00000007c0000000,0x00000007c8216750,0x00000007c8700000)
 Metaspace       used 82337K, capacity 85817K, committed 86132K, reserved 1126400K
  class space    used 7685K, capacity 8900K, committed 8960K, reserved 1048576K
}
Event: 7870.013 GC heap after
{Heap after GC invocations=1952 (full 76):
 PSYoungGen      total 8704K, used 1344K [0x00000007eab00000, 0x00000007eb600000, 0x0000000800000000)
  eden space 7168K, 0% used [0x00000007eab00000,0x00000007eab00000,0x00000007eb200000)
  from space 1536K, 87% used [0x00000007eb480000,0x00000007eb5d0020,0x00000007eb600000)
  to   space 2048K, 0% used [0x00000007eb200000,0x00000007eb200000,0x00000007eb400000)
 ParOldGen       total 138240K, used 134109K [0x00000007c0000000, 0x00000007c8700000, 0x00000007eab00000)
  object space 138240K, 97% used [0x00000007c0000000,0x00000007c82f7630,0x00000007c8700000)
 Metaspace       used 82337K, capacity 85817K, committed 86132K, reserved 1126400K
  class space    used 7685K, capacity 8900K, committed 8960K, reserved 1048576K
}
Event: 7875.027 GC heap before
{Heap before GC invocations=1953 (full 76):
 PSYoungGen      total 8704K, used 8512K [0x00000007eab00000, 0x00000007eb600000, 0x0000000800000000)
  eden space 7168K, 100% used [0x00000007eab00000,0x00000007eb200000,0x00000007eb200000)
  from space 1536K, 87% used [0x00000007eb480000,0x00000007eb5d0020,0x00000007eb600000)
  to   space 2048K, 0% used [0x00000007eb200000,0x00000007eb200000,0x00000007eb400000)
 ParOldGen       total 138240K, used 134109K [0x00000007c0000000, 0x00000007c8700000, 0x00000007eab00000)
  object space 138240K, 97% used [0x00000007c0000000,0x00000007c82f7630,0x00000007c8700000)
 Metaspace       used 82355K, capacity 85839K, committed 86132K, reserved 1126400K
  class space    used 7687K, capacity 8904K, committed 8960K, reserved 1048576K
}
Event: 7875.036 GC heap after
{Heap after GC invocations=1953 (full 76):
 PSYoungGen      total 9216K, used 1728K [0x00000007eab00000, 0x00000007eb600000, 0x0000000800000000)
  eden space 7168K, 0% used [0x00000007eab00000,0x00000007eab00000,0x00000007eb200000)
  from space 2048K, 84% used [0x00000007eb200000,0x00000007eb3b0020,0x00000007eb400000)
  to   space 2048K, 0% used [0x00000007eb400000,0x00000007eb400000,0x00000007eb600000)
 ParOldGen       total 138240K, used 134109K [0x00000007c0000000, 0x00000007c8700000, 0x00000007eab00000)
  object space 138240K, 97% used [0x00000007c0000000,0x00000007c82f7630,0x00000007c8700000)
 Metaspace       used 82355K, capacity 85839K, committed 86132K, reserved 1126400K
  class space    used 7687K, capacity 8904K, committed 8960K, reserved 1048576K
}
Event: 7877.112 GC heap before
{Heap before GC invocations=1954 (full 76):
 PSYoungGen      total 9216K, used 8896K [0x00000007eab00000, 0x00000007eb600000, 0x0000000800000000)
  eden space 7168K, 100% used [0x00000007eab00000,0x00000007eb200000,0x00000007eb200000)
  from space 2048K, 84% used [0x00000007eb200000,0x00000007eb3b0020,0x00000007eb400000)
  to   space 2048K, 0% used [0x00000007eb400000,0x00000007eb400000,0x00000007eb600000)
 ParOldGen       total 138240K, used 134109K [0x00000007c0000000, 0x00000007c8700000, 0x00000007eab00000)
  object space 138240K, 97% used [0x00000007c0000000,0x00000007c82f7630,0x00000007c8700000)
 Metaspace       used 82369K, capacity 85903K, committed 86132K, reserved 1126400K
  class space    used 7687K, capacity 8904K, committed 8960K, reserved 1048576K
}
Event: 7877.115 GC heap after
{Heap after GC invocations=1954 (full 76):
 PSYoungGen      total 9216K, used 1520K [0x00000007eab00000, 0x00000007eb600000, 0x0000000800000000)
  eden space 7168K, 0% used [0x00000007eab00000,0x00000007eab00000,0x00000007eb200000)
  from space 2048K, 74% used [0x00000007eb400000,0x00000007eb57c040,0x00000007eb600000)
  to   space 2048K, 0% used [0x00000007eb200000,0x00000007eb200000,0x00000007eb400000)
 ParOldGen       total 138240K, used 134117K [0x00000007c0000000, 0x00000007c8700000, 0x00000007eab00000)
  object space 138240K, 97% used [0x00000007c0000000,0x00000007c82f9630,0x00000007c8700000)
 Metaspace       used 82369K, capacity 85903K, committed 86132K, reserved 1126400K
  class space    used 7687K, capacity 8904K, committed 8960K, reserved 1048576K
}
Event: 7881.783 GC heap before
{Heap before GC invocations=1955 (full 76):
 PSYoungGen      total 9216K, used 8688K [0x00000007eab00000, 0x00000007eb600000, 0x0000000800000000)
  eden space 7168K, 100% used [0x00000007eab00000,0x00000007eb200000,0x00000007eb200000)
  from space 2048K, 74% used [0x00000007eb400000,0x00000007eb57c040,0x00000007eb600000)
  to   space 2048K, 0% used [0x00000007eb200000,0x00000007eb200000,0x00000007eb400000)
 ParOldGen       total 138240K, used 134117K [0x00000007c0000000, 0x00000007c8700000, 0x00000007eab00000)
  object space 138240K, 97% used [0x00000007c0000000,0x00000007c82f9630,0x00000007c8700000)
 Metaspace       used 82376K, capacity 85903K, committed 86132K, reserved 1126400K
  class space    used 7687K, capacity 8904K, committed 8960K, reserved 1048576K
}
Event: 7881.787 GC heap after
{Heap after GC invocations=1955 (full 76):
 PSYoungGen      total 9216K, used 1552K [0x00000007eab00000, 0x00000007eb600000, 0x0000000800000000)
  eden space 7168K, 0% used [0x00000007eab00000,0x00000007eab00000,0x00000007eb200000)
  from space 2048K, 75% used [0x00000007eb200000,0x00000007eb384020,0x00000007eb400000)
  to   space 2048K, 0% used [0x00000007eb400000,0x00000007eb400000,0x00000007eb600000)
 ParOldGen       total 138240K, used 134117K [0x00000007c0000000, 0x00000007c8700000, 0x00000007eab00000)
  object space 138240K, 97% used [0x00000007c0000000,0x00000007c82f9630,0x00000007c8700000)
 Metaspace       used 82376K, capacity 85903K, committed 86132K, reserved 1126400K
  class space    used 7687K, capacity 8904K, committed 8960K, reserved 1048576K
}
Event: 7894.601 GC heap before
{Heap before GC invocations=1956 (full 76):
 PSYoungGen      total 9216K, used 8720K [0x00000007eab00000, 0x00000007eb600000, 0x0000000800000000)
  eden space 7168K, 100% used [0x00000007eab00000,0x00000007eb200000,0x00000007eb200000)
  from space 2048K, 75% used [0x00000007eb200000,0x00000007eb384020,0x00000007eb400000)
  to   space 2048K, 0% used [0x00000007eb400000,0x00000007eb400000,0x00000007eb600000)
 ParOldGen       total 138240K, used 134117K [0x00000007c0000000, 0x00000007c8700000, 0x00000007eab00000)
  object space 138240K, 97% used [0x00000007c0000000,0x00000007c82f9630,0x00000007c8700000)
 Metaspace       used 82398K, capacity 85973K, committed 86388K, reserved 1126400K
  class space    used 7689K, capacity 8905K, committed 8960K, reserved 1048576K
}
Event: 7894.606 GC heap after
{Heap after GC invocations=1956 (full 76):
 PSYoungGen      total 8192K, used 2040K [0x00000007eab00000, 0x00000007eb800000, 0x0000000800000000)
  eden space 6144K, 0% used [0x00000007eab00000,0x00000007eab00000,0x00000007eb100000)
  from space 2048K, 99% used [0x00000007eb400000,0x00000007eb5fe018,0x00000007eb600000)
  to   space 3072K, 0% used [0x00000007eb100000,0x00000007eb100000,0x00000007eb400000)
 ParOldGen       total 138240K, used 134692K [0x00000007c0000000, 0x00000007c8700000, 0x00000007eab00000)
  object space 138240K, 97% used [0x00000007c0000000,0x00000007c83890a8,0x00000007c8700000)
 Metaspace       used 82398K, capacity 85973K, committed 86388K, reserved 1126400K
  class space    used 7689K, capacity 8905K, committed 8960K, reserved 1048576K
}
Event: 7894.630 GC heap before
{Heap before GC invocations=1957 (full 76):
 PSYoungGen      total 8192K, used 8184K [0x00000007eab00000, 0x00000007eb800000, 0x0000000800000000)
  eden space 6144K, 100% used [0x00000007eab00000,0x00000007eb100000,0x00000007eb100000)
  from space 2048K, 99% used [0x00000007eb400000,0x00000007eb5fe018,0x00000007eb600000)
  to   space 3072K, 0% used [0x00000007eb100000,0x00000007eb100000,0x00000007eb400000)
 ParOldGen       total 138240K, used 134692K [0x00000007c0000000, 0x00000007c8700000, 0x00000007eab00000)
  object space 138240K, 97% used [0x00000007c0000000,0x00000007c83890a8,0x00000007c8700000)
 Metaspace       used 82398K, capacity 85973K, committed 86388K, reserved 1126400K
  class space    used 7689K, capacity 8905K, committed 8960K, reserved 1048576K
}

